Flow report for cache
Sat Apr 21 15:59:20 2018
Quartus II Version 9.1 Build 350 03/24/2010 Service Pack 2 SJ Web Edition


---------------------
; Table of Contents ;
---------------------
  1. Legal Notice
  2. Flow Summary
  3. Flow Settings
  4. Flow Non-Default Global Settings
  5. Flow Elapsed Time
  6. Flow OS Summary
  7. Flow Log



----------------
; Legal Notice ;
----------------
Copyright (C) 1991-2010 Altera Corporation
Your use of Altera Corporation's design tools, logic functions 
and other software and tools, and its AMPP partner logic 
functions, and any output files from any of the foregoing 
(including device programming or simulation files), and any 
associated documentation or information are expressly subject 
to the terms and conditions of the Altera Program License 
Subscription Agreement, Altera MegaCore Function License 
Agreement, or other applicable license agreement, including, 
without limitation, that your use is for the sole purpose of 
programming logic devices manufactured by Altera and sold by 
Altera or its authorized distributors.  Please refer to the 
applicable agreement for further details.



+------------------------------------------------------------------------------+
; Flow Summary                                                                 ;
+-------------------------------+----------------------------------------------+
; Flow Status                   ; Successful - Sat Apr 21 15:59:20 2018        ;
; Quartus II Version            ; 9.1 Build 350 03/24/2010 SP 2 SJ Web Edition ;
; Revision Name                 ; cache                                        ;
; Top-level Entity Name         ; write_counter                                ;
; Family                        ; Stratix II                                   ;
; Met timing requirements       ; Yes                                          ;
; Logic utilization             ; < 1 %                                        ;
;     Combinational ALUTs       ; 1 / 12,480 ( < 1 % )                         ;
;     Dedicated logic registers ; 1 / 12,480 ( < 1 % )                         ;
; Total registers               ; 1                                            ;
; Total pins                    ; 2 / 343 ( < 1 % )                            ;
; Total virtual pins            ; 0                                            ;
; Total block memory bits       ; 0 / 419,328 ( 0 % )                          ;
; DSP block 9-bit elements      ; 0 / 96 ( 0 % )                               ;
; Total PLLs                    ; 0 / 6 ( 0 % )                                ;
; Total DLLs                    ; 0 / 2 ( 0 % )                                ;
; Device                        ; EP2S15F484C3                                 ;
; Timing Models                 ; Final                                        ;
+-------------------------------+----------------------------------------------+


+-----------------------------------------+
; Flow Settings                           ;
+-------------------+---------------------+
; Option            ; Setting             ;
+-------------------+---------------------+
; Start date & time ; 04/21/2018 15:58:51 ;
; Main task         ; Compilation         ;
; Revision Name     ; cache               ;
+-------------------+---------------------+


+----------------------------------------------------------------------------------------------------------------------+
; Flow Non-Default Global Settings                                                                                     ;
+------------------------------------+--------------------------------+---------------+---------------+----------------+
; Assignment Name                    ; Value                          ; Default Value ; Entity Name   ; Section Id     ;
+------------------------------------+--------------------------------+---------------+---------------+----------------+
; COMPILER_SIGNATURE_ID              ; 52848282235864.152431553004948 ; --            ; --            ; --             ;
; IP_TOOL_NAME                       ; LPM_FF                         ; --            ; --            ; --             ;
; IP_TOOL_NAME                       ; LPM_COUNTER                    ; --            ; --            ; --             ;
; IP_TOOL_NAME                       ; LPM_COMPARE                    ; --            ; --            ; --             ;
; IP_TOOL_NAME                       ; LPM_COUNTER                    ; --            ; --            ; --             ;
; IP_TOOL_VERSION                    ; 9.1                            ; --            ; --            ; --             ;
; IP_TOOL_VERSION                    ; 9.1                            ; --            ; --            ; --             ;
; IP_TOOL_VERSION                    ; 9.1                            ; --            ; --            ; --             ;
; IP_TOOL_VERSION                    ; 9.1                            ; --            ; --            ; --             ;
; MISC_FILE                          ; tag_register.tdf               ; --            ; --            ; --             ;
; MISC_FILE                          ; tag_register.bsf               ; --            ; --            ; --             ;
; MISC_FILE                          ; tag_register.inc               ; --            ; --            ; --             ;
; MISC_FILE                          ; counter.tdf                    ; --            ; --            ; --             ;
; MISC_FILE                          ; counter.bsf                    ; --            ; --            ; --             ;
; MISC_FILE                          ; counter.inc                    ; --            ; --            ; --             ;
; MISC_FILE                          ; tag_compare.tdf                ; --            ; --            ; --             ;
; MISC_FILE                          ; tag_compare.bsf                ; --            ; --            ; --             ;
; MISC_FILE                          ; tag_compare.inc                ; --            ; --            ; --             ;
; MISC_FILE                          ; wr_counter.tdf                 ; --            ; --            ; --             ;
; MISC_FILE                          ; wr_counter.bsf                 ; --            ; --            ; --             ;
; MISC_FILE                          ; wr_counter.inc                 ; --            ; --            ; --             ;
; PARTITION_COLOR                    ; 16764057                       ; --            ; write_counter ; Top            ;
; PARTITION_NETLIST_TYPE             ; SOURCE                         ; --            ; write_counter ; Top            ;
; TOP_LEVEL_ENTITY                   ; write_counter                  ; cache         ; --            ; --             ;
; USE_GENERATED_PHYSICAL_CONSTRAINTS ; Off                            ; --            ; --            ; eda_blast_fpga ;
+------------------------------------+--------------------------------+---------------+---------------+----------------+


+-----------------------------------------------------------------------------------------------------------------------------+
; Flow Elapsed Time                                                                                                           ;
+-------------------------+--------------+-------------------------+---------------------+------------------------------------+
; Module Name             ; Elapsed Time ; Average Processors Used ; Peak Virtual Memory ; Total CPU Time (on all processors) ;
+-------------------------+--------------+-------------------------+---------------------+------------------------------------+
; Analysis & Synthesis    ; 00:00:03     ; 1.0                     ; 210 MB              ; 00:00:03                           ;
; Fitter                  ; 00:00:16     ; 1.0                     ; 244 MB              ; 00:00:12                           ;
; Assembler               ; 00:00:05     ; 1.0                     ; 223 MB              ; 00:00:05                           ;
; Classic Timing Analyzer ; 00:00:01     ; 1.0                     ; 153 MB              ; 00:00:00                           ;
; Total                   ; 00:00:25     ; --                      ; --                  ; 00:00:20                           ;
+-------------------------+--------------+-------------------------+---------------------+------------------------------------+


+------------------------------------------------------------------------------------------+
; Flow OS Summary                                                                          ;
+-------------------------+------------------+---------------+------------+----------------+
; Module Name             ; Machine Hostname ; OS Name       ; OS Version ; Processor type ;
+-------------------------+------------------+---------------+------------+----------------+
; Analysis & Synthesis    ; PC               ; Windows Vista ; 6.1        ; x86_64         ;
; Fitter                  ; PC               ; Windows Vista ; 6.1        ; x86_64         ;
; Assembler               ; PC               ; Windows Vista ; 6.1        ; x86_64         ;
; Classic Timing Analyzer ; PC               ; Windows Vista ; 6.1        ; x86_64         ;
+-------------------------+------------------+---------------+------------+----------------+


------------
; Flow Log ;
------------
quartus_map --read_settings_files=on --write_settings_files=off cache -c cache
quartus_fit --read_settings_files=off --write_settings_files=off cache -c cache
quartus_asm --read_settings_files=off --write_settings_files=off cache -c cache
quartus_tan --read_settings_files=off --write_settings_files=off cache -c cache --timing_analysis_only



