Analysis & Synthesis report for cache
Sat Apr 21 15:58:54 2018
Quartus II Version 9.1 Build 350 03/24/2010 Service Pack 2 SJ Web Edition


---------------------
; Table of Contents ;
---------------------
  1. Legal Notice
  2. Analysis & Synthesis Summary
  3. Analysis & Synthesis Settings
  4. Parallel Compilation
  5. Analysis & Synthesis Source Files Read
  6. Analysis & Synthesis Resource Usage Summary
  7. Analysis & Synthesis Resource Utilization by Entity
  8. General Register Statistics
  9. Source assignments for wr_counter:inst|lpm_counter:lpm_counter_component
 10. Parameter Settings for User Entity Instance: wr_counter:inst|lpm_counter:lpm_counter_component
 11. Analysis & Synthesis Messages



----------------
; Legal Notice ;
----------------
Copyright (C) 1991-2010 Altera Corporation
Your use of Altera Corporation's design tools, logic functions 
and other software and tools, and its AMPP partner logic 
functions, and any output files from any of the foregoing 
(including device programming or simulation files), and any 
associated documentation or information are expressly subject 
to the terms and conditions of the Altera Program License 
Subscription Agreement, Altera MegaCore Function License 
Agreement, or other applicable license agreement, including, 
without limitation, that your use is for the sole purpose of 
programming logic devices manufactured by Altera and sold by 
Altera or its authorized distributors.  Please refer to the 
applicable agreement for further details.



+------------------------------------------------------------------------------+
; Analysis & Synthesis Summary                                                 ;
+-------------------------------+----------------------------------------------+
; Analysis & Synthesis Status   ; Successful - Sat Apr 21 15:58:54 2018        ;
; Quartus II Version            ; 9.1 Build 350 03/24/2010 SP 2 SJ Web Edition ;
; Revision Name                 ; cache                                        ;
; Top-level Entity Name         ; write_counter                                ;
; Family                        ; Stratix II                                   ;
; Logic utilization             ; N/A                                          ;
;     Combinational ALUTs       ; 1                                            ;
;     Dedicated logic registers ; 1                                            ;
; Total registers               ; 1                                            ;
; Total pins                    ; 2                                            ;
; Total virtual pins            ; 0                                            ;
; Total block memory bits       ; 0                                            ;
; DSP block 9-bit elements      ; 0                                            ;
; Total PLLs                    ; 0                                            ;
; Total DLLs                    ; 0                                            ;
+-------------------------------+----------------------------------------------+


+----------------------------------------------------------------------------------------------------------------------+
; Analysis & Synthesis Settings                                                                                        ;
+----------------------------------------------------------------------------+--------------------+--------------------+
; Option                                                                     ; Setting            ; Default Value      ;
+----------------------------------------------------------------------------+--------------------+--------------------+
; Top-level entity name                                                      ; write_counter      ; cache              ;
; Family name                                                                ; Stratix II         ; Stratix II         ;
; Use Generated Physical Constraints File                                    ; Off                ;                    ;
; Use smart compilation                                                      ; Off                ; Off                ;
; Enable parallel Assembler and TimeQuest Timing Analyzer during compilation ; On                 ; On                 ;
; Enable compact report table                                                ; Off                ; Off                ;
; Restructure Multiplexers                                                   ; Auto               ; Auto               ;
; Create Debugging Nodes for IP Cores                                        ; Off                ; Off                ;
; Preserve fewer node names                                                  ; On                 ; On                 ;
; Disable OpenCore Plus hardware evaluation                                  ; Off                ; Off                ;
; Verilog Version                                                            ; Verilog_2001       ; Verilog_2001       ;
; VHDL Version                                                               ; VHDL_1993          ; VHDL_1993          ;
; State Machine Processing                                                   ; Auto               ; Auto               ;
; Safe State Machine                                                         ; Off                ; Off                ;
; Extract Verilog State Machines                                             ; On                 ; On                 ;
; Extract VHDL State Machines                                                ; On                 ; On                 ;
; Ignore Verilog initial constructs                                          ; Off                ; Off                ;
; Iteration limit for constant Verilog loops                                 ; 5000               ; 5000               ;
; Iteration limit for non-constant Verilog loops                             ; 250                ; 250                ;
; Add Pass-Through Logic to Inferred RAMs                                    ; On                 ; On                 ;
; Parallel Synthesis                                                         ; On                 ; On                 ;
; DSP Block Balancing                                                        ; Auto               ; Auto               ;
; NOT Gate Push-Back                                                         ; On                 ; On                 ;
; Power-Up Don't Care                                                        ; On                 ; On                 ;
; Remove Redundant Logic Cells                                               ; Off                ; Off                ;
; Remove Duplicate Registers                                                 ; On                 ; On                 ;
; Ignore CARRY Buffers                                                       ; Off                ; Off                ;
; Ignore CASCADE Buffers                                                     ; Off                ; Off                ;
; Ignore GLOBAL Buffers                                                      ; Off                ; Off                ;
; Ignore ROW GLOBAL Buffers                                                  ; Off                ; Off                ;
; Ignore LCELL Buffers                                                       ; Off                ; Off                ;
; Ignore SOFT Buffers                                                        ; On                 ; On                 ;
; Limit AHDL Integers to 32 Bits                                             ; Off                ; Off                ;
; Optimization Technique                                                     ; Balanced           ; Balanced           ;
; Carry Chain Length                                                         ; 70                 ; 70                 ;
; Auto Carry Chains                                                          ; On                 ; On                 ;
; Auto Open-Drain Pins                                                       ; On                 ; On                 ;
; Perform WYSIWYG Primitive Resynthesis                                      ; Off                ; Off                ;
; Auto ROM Replacement                                                       ; On                 ; On                 ;
; Auto RAM Replacement                                                       ; On                 ; On                 ;
; Auto DSP Block Replacement                                                 ; On                 ; On                 ;
; Auto Shift Register Replacement                                            ; Auto               ; Auto               ;
; Auto Clock Enable Replacement                                              ; On                 ; On                 ;
; Strict RAM Replacement                                                     ; Off                ; Off                ;
; Allow Synchronous Control Signals                                          ; On                 ; On                 ;
; Force Use of Synchronous Clear Signals                                     ; Off                ; Off                ;
; Auto RAM Block Balancing                                                   ; On                 ; On                 ;
; Auto RAM to Logic Cell Conversion                                          ; Off                ; Off                ;
; Auto Resource Sharing                                                      ; Off                ; Off                ;
; Allow Any RAM Size For Recognition                                         ; Off                ; Off                ;
; Allow Any ROM Size For Recognition                                         ; Off                ; Off                ;
; Allow Any Shift Register Size For Recognition                              ; Off                ; Off                ;
; Use LogicLock Constraints during Resource Balancing                        ; On                 ; On                 ;
; Ignore translate_off and synthesis_off directives                          ; Off                ; Off                ;
; Timing-Driven Synthesis                                                    ; Off                ; Off                ;
; Show Parameter Settings Tables in Synthesis Report                         ; On                 ; On                 ;
; Ignore Maximum Fan-Out Assignments                                         ; Off                ; Off                ;
; Synchronization Register Chain Length                                      ; 2                  ; 2                  ;
; PowerPlay Power Optimization                                               ; Normal compilation ; Normal compilation ;
; HDL message level                                                          ; Level2             ; Level2             ;
; Suppress Register Optimization Related Messages                            ; Off                ; Off                ;
; Number of Removed Registers Reported in Synthesis Report                   ; 5000               ; 5000               ;
; Number of Inverted Registers Reported in Synthesis Report                  ; 100                ; 100                ;
; Clock MUX Protection                                                       ; On                 ; On                 ;
; Auto Gated Clock Conversion                                                ; Off                ; Off                ;
; Block Design Naming                                                        ; Auto               ; Auto               ;
; SDC constraint protection                                                  ; Off                ; Off                ;
; Synthesis Effort                                                           ; Auto               ; Auto               ;
; Shift Register Replacement - Allow Asynchronous Clear Signal               ; On                 ; On                 ;
; Analysis & Synthesis Message Level                                         ; Medium             ; Medium             ;
; Disable Register Merging Across Hierarchies                                ; Auto               ; Auto               ;
; Resource Aware Inference For Block RAM                                     ; On                 ; On                 ;
+----------------------------------------------------------------------------+--------------------+--------------------+


Parallel compilation was disabled, but you have multiple processors available. Enable parallel compilation to reduce compilation time.
+-------------------------------------+
; Parallel Compilation                ;
+----------------------------+--------+
; Processors                 ; Number ;
+----------------------------+--------+
; Number detected on machine ; 2      ;
; Maximum allowed            ; 1      ;
+----------------------------+--------+


+-----------------------------------------------------------------------------------------------------------------------------------------------------------+
; Analysis & Synthesis Source Files Read                                                                                                                    ;
+----------------------------------+-----------------+------------------------------------+-----------------------------------------------------------------+
; File Name with User-Entered Path ; Used in Netlist ; File Type                          ; File Name with Absolute Path                                    ;
+----------------------------------+-----------------+------------------------------------+-----------------------------------------------------------------+
; write_counter.bdf                ; yes             ; User Block Diagram/Schematic File  ; C:/Users/Kesso/Desktop/SIFI_course_project/write_counter.bdf    ;
; wr_counter.tdf                   ; yes             ; Auto-Found Wizard-Generated File   ; C:/Users/Kesso/Desktop/SIFI_course_project/wr_counter.tdf       ;
; lpm_counter.inc                  ; yes             ; Megafunction                       ; c:/altera/91sp2/quartus/libraries/megafunctions/lpm_counter.inc ;
; lpm_counter.tdf                  ; yes             ; Megafunction                       ; c:/altera/91sp2/quartus/libraries/megafunctions/lpm_counter.tdf ;
; db/cntr_3ai.tdf                  ; yes             ; Auto-Generated Megafunction        ; C:/Users/Kesso/Desktop/SIFI_course_project/db/cntr_3ai.tdf      ;
+----------------------------------+-----------------+------------------------------------+-----------------------------------------------------------------+


+-------------------------------------------------------------------------------------------------------------------------------------+
; Analysis & Synthesis Resource Usage Summary                                                                                         ;
+-----------------------------------------------+-------------------------------------------------------------------------------------+
; Resource                                      ; Usage                                                                               ;
+-----------------------------------------------+-------------------------------------------------------------------------------------+
; Estimated ALUTs Used                          ; 1                                                                                   ;
; Dedicated logic registers                     ; 1                                                                                   ;
;                                               ;                                                                                     ;
; Estimated ALUTs Unavailable                   ; 0                                                                                   ;
;                                               ;                                                                                     ;
; Total combinational functions                 ; 1                                                                                   ;
; Combinational ALUT usage by number of inputs  ;                                                                                     ;
;     -- 7 input functions                      ; 0                                                                                   ;
;     -- 6 input functions                      ; 0                                                                                   ;
;     -- 5 input functions                      ; 0                                                                                   ;
;     -- 4 input functions                      ; 0                                                                                   ;
;     -- <=3 input functions                    ; 1                                                                                   ;
;                                               ;                                                                                     ;
; Combinational ALUTs by mode                   ;                                                                                     ;
;     -- normal mode                            ; 1                                                                                   ;
;     -- extended LUT mode                      ; 0                                                                                   ;
;     -- arithmetic mode                        ; 0                                                                                   ;
;     -- shared arithmetic mode                 ; 0                                                                                   ;
;                                               ;                                                                                     ;
; Estimated ALUT/register pairs used            ; 1                                                                                   ;
;                                               ;                                                                                     ;
; Total registers                               ; 1                                                                                   ;
;     -- Dedicated logic registers              ; 1                                                                                   ;
;     -- I/O registers                          ; 0                                                                                   ;
;                                               ;                                                                                     ;
; Estimated ALMs:  partially or completely used ; 1                                                                                   ;
;                                               ;                                                                                     ;
; I/O pins                                      ; 2                                                                                   ;
; Maximum fan-out node                          ; wr_counter:inst|lpm_counter:lpm_counter_component|cntr_3ai:auto_generated|safe_q[0] ;
; Maximum fan-out                               ; 3                                                                                   ;
; Total fan-out                                 ; 5                                                                                   ;
; Average fan-out                               ; 1.25                                                                                ;
+-----------------------------------------------+-------------------------------------------------------------------------------------+


+-----------------------------------------------------------------------------------------------------------------------------------------------------------------------------------------------------------------------------------------------------------------------------------+
; Analysis & Synthesis Resource Utilization by Entity                                                                                                                                                                                                                               ;
+-------------------------------------------+-------------------+--------------+-------------------+--------------+---------+-----------+-----------+------+--------------+------------------------------------------------------------------------------------------+--------------+
; Compilation Hierarchy Node                ; LC Combinationals ; LC Registers ; Block Memory Bits ; DSP Elements ; DSP 9x9 ; DSP 18x18 ; DSP 36x36 ; Pins ; Virtual Pins ; Full Hierarchy Name                                                                      ; Library Name ;
+-------------------------------------------+-------------------+--------------+-------------------+--------------+---------+-----------+-----------+------+--------------+------------------------------------------------------------------------------------------+--------------+
; |write_counter                            ; 1 (0)             ; 1 (0)        ; 0                 ; 0            ; 0       ; 0         ; 0         ; 2    ; 0            ; |write_counter                                                                           ; work         ;
;    |wr_counter:inst|                      ; 1 (0)             ; 1 (0)        ; 0                 ; 0            ; 0       ; 0         ; 0         ; 0    ; 0            ; |write_counter|wr_counter:inst                                                           ;              ;
;       |lpm_counter:lpm_counter_component| ; 1 (0)             ; 1 (0)        ; 0                 ; 0            ; 0       ; 0         ; 0         ; 0    ; 0            ; |write_counter|wr_counter:inst|lpm_counter:lpm_counter_component                         ; work         ;
;          |cntr_3ai:auto_generated|        ; 1 (1)             ; 1 (1)        ; 0                 ; 0            ; 0       ; 0         ; 0         ; 0    ; 0            ; |write_counter|wr_counter:inst|lpm_counter:lpm_counter_component|cntr_3ai:auto_generated ;              ;
+-------------------------------------------+-------------------+--------------+-------------------+--------------+---------+-----------+-----------+------+--------------+------------------------------------------------------------------------------------------+--------------+
Note: For table entries with two numbers listed, the numbers in parentheses indicate the number of resources of the given type used by the specific entity alone. The numbers listed outside of parentheses indicate the total resources of the given type used by the specific entity and all of its sub-entities in the hierarchy.


+------------------------------------------------------+
; General Register Statistics                          ;
+----------------------------------------------+-------+
; Statistic                                    ; Value ;
+----------------------------------------------+-------+
; Total registers                              ; 1     ;
; Number of registers using Synchronous Clear  ; 0     ;
; Number of registers using Synchronous Load   ; 0     ;
; Number of registers using Asynchronous Clear ; 0     ;
; Number of registers using Asynchronous Load  ; 0     ;
; Number of registers using Clock Enable       ; 1     ;
; Number of registers using Preset             ; 0     ;
+----------------------------------------------+-------+


+--------------------------------------------------------------------------+
; Source assignments for wr_counter:inst|lpm_counter:lpm_counter_component ;
+---------------------------+-------+------+-------------------------------+
; Assignment                ; Value ; From ; To                            ;
+---------------------------+-------+------+-------------------------------+
; SUPPRESS_DA_RULE_INTERNAL ; a101  ; -    ; -                             ;
; SUPPRESS_DA_RULE_INTERNAL ; s102  ; -    ; -                             ;
; SUPPRESS_DA_RULE_INTERNAL ; s103  ; -    ; -                             ;
+---------------------------+-------+------+-------------------------------+


+------------------------------------------------------------------------------------------------+
; Parameter Settings for User Entity Instance: wr_counter:inst|lpm_counter:lpm_counter_component ;
+------------------------+-------------+---------------------------------------------------------+
; Parameter Name         ; Value       ; Type                                                    ;
+------------------------+-------------+---------------------------------------------------------+
; AUTO_CARRY_CHAINS      ; ON          ; AUTO_CARRY                                              ;
; IGNORE_CARRY_BUFFERS   ; OFF         ; IGNORE_CARRY                                            ;
; AUTO_CASCADE_CHAINS    ; ON          ; AUTO_CASCADE                                            ;
; IGNORE_CASCADE_BUFFERS ; OFF         ; IGNORE_CASCADE                                          ;
; LPM_WIDTH              ; 1           ; Untyped                                                 ;
; LPM_DIRECTION          ; UP          ; Untyped                                                 ;
; LPM_MODULUS            ; 0           ; Untyped                                                 ;
; LPM_AVALUE             ; UNUSED      ; Untyped                                                 ;
; LPM_SVALUE             ; UNUSED      ; Untyped                                                 ;
; LPM_PORT_UPDOWN        ; PORT_UNUSED ; Untyped                                                 ;
; DEVICE_FAMILY          ; Stratix II  ; Untyped                                                 ;
; CARRY_CHAIN            ; MANUAL      ; Untyped                                                 ;
; CARRY_CHAIN_LENGTH     ; 48          ; CARRY_CHAIN_LENGTH                                      ;
; NOT_GATE_PUSH_BACK     ; ON          ; NOT_GATE_PUSH_BACK                                      ;
; CARRY_CNT_EN           ; SMART       ; Untyped                                                 ;
; LABWIDE_SCLR           ; ON          ; Untyped                                                 ;
; USE_NEW_VERSION        ; TRUE        ; Untyped                                                 ;
; CBXI_PARAMETER         ; cntr_3ai    ; Untyped                                                 ;
+------------------------+-------------+---------------------------------------------------------+
Note: In order to hide this table in the UI and the text report file, please set the "Show Parameter Settings Tables in Synthesis Report" option in "Analysis and Synthesis Settings -> More Settings" to "Off".


+-------------------------------+
; Analysis & Synthesis Messages ;
+-------------------------------+
Info: *******************************************************************
Info: Running Quartus II Analysis & Synthesis
    Info: Version 9.1 Build 350 03/24/2010 Service Pack 2 SJ Web Edition
    Info: Processing started: Sat Apr 21 15:58:50 2018
Info: Command: quartus_map --read_settings_files=on --write_settings_files=off cache -c cache
Info: Found 1 design units, including 1 entities, in source file cache.bdf
    Info: Found entity 1: cache
Info: Found 1 design units, including 1 entities, in source file cachmem.bdf
    Info: Found entity 1: cachMem
Info: Found 1 design units, including 1 entities, in source file write_counter.bdf
    Info: Found entity 1: write_counter
Info: Elaborating entity "write_counter" for the top level hierarchy
Warning: Using design file wr_counter.tdf, which is not specified as a design file for the current project, but contains definitions for 1 design units and 1 entities in project
    Info: Found entity 1: wr_counter
Info: Elaborating entity "wr_counter" for hierarchy "wr_counter:inst"
Info: Elaborating entity "lpm_counter" for hierarchy "wr_counter:inst|lpm_counter:lpm_counter_component"
Info: Elaborated megafunction instantiation "wr_counter:inst|lpm_counter:lpm_counter_component"
Info: Instantiated megafunction "wr_counter:inst|lpm_counter:lpm_counter_component" with the following parameter:
    Info: Parameter "LPM_TYPE" = "LPM_COUNTER"
    Info: Parameter "LPM_WIDTH" = "1"
    Info: Parameter "LPM_DIRECTION" = "UP"
    Info: Parameter "LPM_PORT_UPDOWN" = "PORT_UNUSED"
Info: Found 1 design units, including 1 entities, in source file db/cntr_3ai.tdf
    Info: Found entity 1: cntr_3ai
Info: Elaborating entity "cntr_3ai" for hierarchy "wr_counter:inst|lpm_counter:lpm_counter_component|cntr_3ai:auto_generated"
Warning: Ignored assignments for entity "cache" -- entity does not exist in design
    Warning: Assignment for entity set_global_assignment -name LL_ROOT_REGION ON -entity cache -section_id "Root Region" was ignored
    Warning: Assignment for entity set_global_assignment -name LL_MEMBER_STATE LOCKED -entity cache -section_id "Root Region" was ignored
Info: Implemented 3 device resources after synthesis - the final resource count might be different
    Info: Implemented 1 input pins
    Info: Implemented 1 output pins
    Info: Implemented 1 logic cells
Info: Quartus II Analysis & Synthesis was successful. 0 errors, 4 warnings
    Info: Peak virtual memory: 210 megabytes
    Info: Processing ended: Sat Apr 21 15:58:54 2018
    Info: Elapsed time: 00:00:04
    Info: Total CPU time (on all processors): 00:00:03


